<?xml version="1.0" encoding="UTF-8"?>
<testsuite xmlns:xsi="http://www.w3.org/2001/XMLSchema-instance" xsi:noNamespaceSchemaLocation="https://maven.apache.org/surefire/maven-surefire-plugin/xsd/surefire-test-report.xsd" name="com.bridgelabz.zullapisgateway.ZullApisGatewayApplicationTests" time="99.582" tests="1" errors="0" skipped="0" failures="0">
  <properties>
    <property name="sun.desktop" value="windows"/>
    <property name="awt.toolkit" value="sun.awt.windows.WToolkit"/>
    <property name="file.encoding.pkg" value="sun.io"/>
    <property name="java.specification.version" value="1.8"/>
    <property name="sun.cpu.isalist" value="amd64"/>
    <property name="sun.jnu.encoding" value="Cp1252"/>
    <property name="java.class.path" value="H:\My_Desktop\Desktop\SpringBoot\Zull-Apis-Gateway\target\test-classes;H:\My_Desktop\Desktop\SpringBoot\Zull-Apis-Gateway\target\classes;C:\Users\admin\.m2\repository\org\springframework\boot\spring-boot-starter-actuator\2.7.3\spring-boot-starter-actuator-2.7.3.jar;C:\Users\admin\.m2\repository\org\springframework\boot\spring-boot-starter\2.7.3\spring-boot-starter-2.7.3.jar;C:\Users\admin\.m2\repository\org\springframework\boot\spring-boot-starter-logging\2.7.3\spring-boot-starter-logging-2.7.3.jar;C:\Users\admin\.m2\repository\ch\qos\logback\logback-classic\1.2.11\logback-classic-1.2.11.jar;C:\Users\admin\.m2\repository\ch\qos\logback\logback-core\1.2.11\logback-core-1.2.11.jar;C:\Users\admin\.m2\repository\org\apache\logging\log4j\log4j-to-slf4j\2.17.2\log4j-to-slf4j-2.17.2.jar;C:\Users\admin\.m2\repository\org\apache\logging\log4j\log4j-api\2.17.2\log4j-api-2.17.2.jar;C:\Users\admin\.m2\repository\org\slf4j\jul-to-slf4j\1.7.36\jul-to-slf4j-1.7.36.jar;C:\Users\admin\.m2\repository\jakarta\annotation\jakarta.annotation-api\1.3.5\jakarta.annotation-api-1.3.5.jar;C:\Users\admin\.m2\repository\org\yaml\snakeyaml\1.30\snakeyaml-1.30.jar;C:\Users\admin\.m2\repository\org\springframework\boot\spring-boot-actuator-autoconfigure\2.7.3\spring-boot-actuator-autoconfigure-2.7.3.jar;C:\Users\admin\.m2\repository\org\springframework\boot\spring-boot-actuator\2.7.3\spring-boot-actuator-2.7.3.jar;C:\Users\admin\.m2\repository\com\fasterxml\jackson\core\jackson-databind\2.13.3\jackson-databind-2.13.3.jar;C:\Users\admin\.m2\repository\com\fasterxml\jackson\datatype\jackson-datatype-jsr310\2.13.3\jackson-datatype-jsr310-2.13.3.jar;C:\Users\admin\.m2\repository\io\micrometer\micrometer-core\1.9.3\micrometer-core-1.9.3.jar;C:\Users\admin\.m2\repository\org\hdrhistogram\HdrHistogram\2.1.12\HdrHistogram-2.1.12.jar;C:\Users\admin\.m2\repository\org\latencyutils\LatencyUtils\2.0.3\LatencyUtils-2.0.3.jar;C:\Users\admin\.m2\repository\org\springframework\cloud\spring-cloud-starter-netflix-eureka-client\3.1.3\spring-cloud-starter-netflix-eureka-client-3.1.3.jar;C:\Users\admin\.m2\repository\org\springframework\cloud\spring-cloud-starter\3.1.3\spring-cloud-starter-3.1.3.jar;C:\Users\admin\.m2\repository\org\springframework\cloud\spring-cloud-context\3.1.3\spring-cloud-context-3.1.3.jar;C:\Users\admin\.m2\repository\org\springframework\security\spring-security-crypto\5.7.3\spring-security-crypto-5.7.3.jar;C:\Users\admin\.m2\repository\org\springframework\cloud\spring-cloud-commons\3.1.3\spring-cloud-commons-3.1.3.jar;C:\Users\admin\.m2\repository\org\springframework\security\spring-security-rsa\1.0.10.RELEASE\spring-security-rsa-1.0.10.RELEASE.jar;C:\Users\admin\.m2\repository\org\bouncycastle\bcpkix-jdk15on\1.68\bcpkix-jdk15on-1.68.jar;C:\Users\admin\.m2\repository\org\bouncycastle\bcprov-jdk15on\1.68\bcprov-jdk15on-1.68.jar;C:\Users\admin\.m2\repository\org\springframework\cloud\spring-cloud-netflix-eureka-client\3.1.3\spring-cloud-netflix-eureka-client-3.1.3.jar;C:\Users\admin\.m2\repository\com\netflix\eureka\eureka-client\1.10.17\eureka-client-1.10.17.jar;C:\Users\admin\.m2\repository\com\netflix\netflix-commons\netflix-eventbus\0.3.0\netflix-eventbus-0.3.0.jar;C:\Users\admin\.m2\repository\com\netflix\netflix-commons\netflix-infix\0.3.0\netflix-infix-0.3.0.jar;C:\Users\admin\.m2\repository\commons-jxpath\commons-jxpath\1.3\commons-jxpath-1.3.jar;C:\Users\admin\.m2\repository\joda-time\joda-time\2.3\joda-time-2.3.jar;C:\Users\admin\.m2\repository\org\antlr\antlr-runtime\3.4\antlr-runtime-3.4.jar;C:\Users\admin\.m2\repository\org\antlr\stringtemplate\3.2.1\stringtemplate-3.2.1.jar;C:\Users\admin\.m2\repository\antlr\antlr\2.7.7\antlr-2.7.7.jar;C:\Users\admin\.m2\repository\com\google\code\gson\gson\2.9.1\gson-2.9.1.jar;C:\Users\admin\.m2\repository\org\apache\commons\commons-math\2.2\commons-math-2.2.jar;C:\Users\admin\.m2\repository\com\thoughtworks\xstream\xstream\1.4.18\xstream-1.4.18.jar;C:\Users\admin\.m2\repository\io\github\x-stream\mxparser\1.2.2\mxparser-1.2.2.jar;C:\Users\admin\.m2\repository\xmlpull\xmlpull\1.1.3.1\xmlpull-1.1.3.1.jar;C:\Users\admin\.m2\repository\javax\ws\rs\jsr311-api\1.1.1\jsr311-api-1.1.1.jar;C:\Users\admin\.m2\repository\com\netflix\servo\servo-core\0.12.21\servo-core-0.12.21.jar;C:\Users\admin\.m2\repository\com\google\guava\guava\19.0\guava-19.0.jar;C:\Users\admin\.m2\repository\org\apache\httpcomponents\httpclient\4.5.13\httpclient-4.5.13.jar;C:\Users\admin\.m2\repository\org\apache\httpcomponents\httpcore\4.4.15\httpcore-4.4.15.jar;C:\Users\admin\.m2\repository\commons-codec\commons-codec\1.15\commons-codec-1.15.jar;C:\Users\admin\.m2\repository\commons-configuration\commons-configuration\1.10\commons-configuration-1.10.jar;C:\Users\admin\.m2\repository\commons-lang\commons-lang\2.6\commons-lang-2.6.jar;C:\Users\admin\.m2\repository\com\google\inject\guice\4.1.0\guice-4.1.0.jar;C:\Users\admin\.m2\repository\javax\inject\javax.inject\1\javax.inject-1.jar;C:\Users\admin\.m2\repository\com\fasterxml\jackson\core\jackson-annotations\2.13.3\jackson-annotations-2.13.3.jar;C:\Users\admin\.m2\repository\com\fasterxml\jackson\core\jackson-core\2.13.3\jackson-core-2.13.3.jar;C:\Users\admin\.m2\repository\org\codehaus\jettison\jettison\1.4.0\jettison-1.4.0.jar;C:\Users\admin\.m2\repository\com\netflix\eureka\eureka-core\1.10.17\eureka-core-1.10.17.jar;C:\Users\admin\.m2\repository\com\fasterxml\woodstox\woodstox-core\6.2.1\woodstox-core-6.2.1.jar;C:\Users\admin\.m2\repository\org\codehaus\woodstox\stax2-api\4.2.1\stax2-api-4.2.1.jar;C:\Users\admin\.m2\repository\org\springframework\cloud\spring-cloud-starter-loadbalancer\3.1.3\spring-cloud-starter-loadbalancer-3.1.3.jar;C:\Users\admin\.m2\repository\org\springframework\cloud\spring-cloud-loadbalancer\3.1.3\spring-cloud-loadbalancer-3.1.3.jar;C:\Users\admin\.m2\repository\io\projectreactor\reactor-core\3.4.22\reactor-core-3.4.22.jar;C:\Users\admin\.m2\repository\io\projectreactor\addons\reactor-extra\3.4.8\reactor-extra-3.4.8.jar;C:\Users\admin\.m2\repository\org\springframework\boot\spring-boot-starter-cache\2.7.3\spring-boot-starter-cache-2.7.3.jar;C:\Users\admin\.m2\repository\org\springframework\spring-context-support\5.3.22\spring-context-support-5.3.22.jar;C:\Users\admin\.m2\repository\com\stoyanr\evictor\1.0.0\evictor-1.0.0.jar;C:\Users\admin\.m2\repository\org\springframework\cloud\spring-cloud-starter-netflix-zuul\2.2.10.RELEASE\spring-cloud-starter-netflix-zuul-2.2.10.RELEASE.jar;C:\Users\admin\.m2\repository\org\springframework\cloud\spring-cloud-netflix-zuul\2.2.10.RELEASE\spring-cloud-netflix-zuul-2.2.10.RELEASE.jar;C:\Users\admin\.m2\repository\org\springframework\cloud\spring-cloud-netflix-hystrix\2.2.10.RELEASE\spring-cloud-netflix-hystrix-2.2.10.RELEASE.jar;C:\Users\admin\.m2\repository\org\springframework\boot\spring-boot-starter-aop\2.7.3\spring-boot-starter-aop-2.7.3.jar;C:\Users\admin\.m2\repository\com\netflix\netflix-commons\netflix-commons-util\0.3.0\netflix-commons-util-0.3.0.jar;C:\Users\admin\.m2\repository\org\springframework\boot\spring-boot-starter-web\2.7.3\spring-boot-starter-web-2.7.3.jar;C:\Users\admin\.m2\repository\org\springframework\boot\spring-boot-starter-json\2.7.3\spring-boot-starter-json-2.7.3.jar;C:\Users\admin\.m2\repository\com\fasterxml\jackson\datatype\jackson-datatype-jdk8\2.13.3\jackson-datatype-jdk8-2.13.3.jar;C:\Users\admin\.m2\repository\com\fasterxml\jackson\module\jackson-module-parameter-names\2.13.3\jackson-module-parameter-names-2.13.3.jar;C:\Users\admin\.m2\repository\org\springframework\boot\spring-boot-starter-tomcat\2.7.3\spring-boot-starter-tomcat-2.7.3.jar;C:\Users\admin\.m2\repository\org\apache\tomcat\embed\tomcat-embed-core\9.0.65\tomcat-embed-core-9.0.65.jar;C:\Users\admin\.m2\repository\org\apache\tomcat\embed\tomcat-embed-el\9.0.65\tomcat-embed-el-9.0.65.jar;C:\Users\admin\.m2\repository\org\apache\tomcat\embed\tomcat-embed-websocket\9.0.65\tomcat-embed-websocket-9.0.65.jar;C:\Users\admin\.m2\repository\org\springframework\spring-web\5.3.22\spring-web-5.3.22.jar;C:\Users\admin\.m2\repository\org\springframework\spring-beans\5.3.22\spring-beans-5.3.22.jar;C:\Users\admin\.m2\repository\org\springframework\spring-webmvc\5.3.22\spring-webmvc-5.3.22.jar;C:\Users\admin\.m2\repository\org\springframework\spring-aop\5.3.22\spring-aop-5.3.22.jar;C:\Users\admin\.m2\repository\org\springframework\spring-expression\5.3.22\spring-expression-5.3.22.jar;C:\Users\admin\.m2\repository\org\springframework\cloud\spring-cloud-starter-netflix-hystrix\2.2.10.RELEASE\spring-cloud-starter-netflix-hystrix-2.2.10.RELEASE.jar;C:\Users\admin\.m2\repository\org\springframework\cloud\spring-cloud-netflix-ribbon\2.2.10.RELEASE\spring-cloud-netflix-ribbon-2.2.10.RELEASE.jar;C:\Users\admin\.m2\repository\com\netflix\hystrix\hystrix-core\1.5.18\hystrix-core-1.5.18.jar;C:\Users\admin\.m2\repository\com\netflix\hystrix\hystrix-serialization\1.5.18\hystrix-serialization-1.5.18.jar;C:\Users\admin\.m2\repository\com\fasterxml\jackson\module\jackson-module-afterburner\2.13.3\jackson-module-afterburner-2.13.3.jar;C:\Users\admin\.m2\repository\com\netflix\hystrix\hystrix-metrics-event-stream\1.5.18\hystrix-metrics-event-stream-1.5.18.jar;C:\Users\admin\.m2\repository\com\netflix\hystrix\hystrix-javanica\1.5.18\hystrix-javanica-1.5.18.jar;C:\Users\admin\.m2\repository\org\apache\commons\commons-lang3\3.12.0\commons-lang3-3.12.0.jar;C:\Users\admin\.m2\repository\org\ow2\asm\asm\5.0.4\asm-5.0.4.jar;C:\Users\admin\.m2\repository\org\aspectj\aspectjweaver\1.9.7\aspectjweaver-1.9.7.jar;C:\Users\admin\.m2\repository\io\reactivex\rxjava-reactive-streams\1.2.1\rxjava-reactive-streams-1.2.1.jar;C:\Users\admin\.m2\repository\org\reactivestreams\reactive-streams\1.0.4\reactive-streams-1.0.4.jar;C:\Users\admin\.m2\repository\org\springframework\cloud\spring-cloud-starter-netflix-ribbon\2.2.10.RELEASE\spring-cloud-starter-netflix-ribbon-2.2.10.RELEASE.jar;C:\Users\admin\.m2\repository\com\netflix\ribbon\ribbon\2.3.0\ribbon-2.3.0.jar;C:\Users\admin\.m2\repository\com\netflix\ribbon\ribbon-transport\2.3.0\ribbon-transport-2.3.0.jar;C:\Users\admin\.m2\repository\io\reactivex\rxnetty-contexts\0.4.9\rxnetty-contexts-0.4.9.jar;C:\Users\admin\.m2\repository\io\reactivex\rxnetty-servo\0.4.9\rxnetty-servo-0.4.9.jar;C:\Users\admin\.m2\repository\io\reactivex\rxnetty\0.4.9\rxnetty-0.4.9.jar;C:\Users\admin\.m2\repository\com\netflix\ribbon\ribbon-core\2.3.0\ribbon-core-2.3.0.jar;C:\Users\admin\.m2\repository\com\netflix\ribbon\ribbon-httpclient\2.3.0\ribbon-httpclient-2.3.0.jar;C:\Users\admin\.m2\repository\commons-collections\commons-collections\3.2.2\commons-collections-3.2.2.jar;C:\Users\admin\.m2\repository\com\sun\jersey\jersey-client\1.19.1\jersey-client-1.19.1.jar;C:\Users\admin\.m2\repository\com\sun\jersey\jersey-core\1.19.1\jersey-core-1.19.1.jar;C:\Users\admin\.m2\repository\com\sun\jersey\contribs\jersey-apache-client4\1.19.1\jersey-apache-client4-1.19.1.jar;C:\Users\admin\.m2\repository\com\netflix\ribbon\ribbon-loadbalancer\2.3.0\ribbon-loadbalancer-2.3.0.jar;C:\Users\admin\.m2\repository\com\netflix\netflix-commons\netflix-statistics\0.1.1\netflix-statistics-0.1.1.jar;C:\Users\admin\.m2\repository\io\reactivex\rxjava\1.3.8\rxjava-1.3.8.jar;C:\Users\admin\.m2\repository\org\springframework\cloud\spring-cloud-starter-netflix-archaius\2.2.10.RELEASE\spring-cloud-starter-netflix-archaius-2.2.10.RELEASE.jar;C:\Users\admin\.m2\repository\org\springframework\cloud\spring-cloud-netflix-archaius\2.2.10.RELEASE\spring-cloud-netflix-archaius-2.2.10.RELEASE.jar;C:\Users\admin\.m2\repository\com\netflix\archaius\archaius-core\0.7.7\archaius-core-0.7.7.jar;C:\Users\admin\.m2\repository\com\google\code\findbugs\jsr305\3.0.1\jsr305-3.0.1.jar;C:\Users\admin\.m2\repository\com\netflix\zuul\zuul-core\1.3.1\zuul-core-1.3.1.jar;C:\Users\admin\.m2\repository\commons-io\commons-io\2.4\commons-io-2.4.jar;C:\Users\admin\.m2\repository\org\slf4j\slf4j-api\1.7.36\slf4j-api-1.7.36.jar;C:\Users\admin\.m2\repository\org\springframework\boot\spring-boot-devtools\2.7.3\spring-boot-devtools-2.7.3.jar;C:\Users\admin\.m2\repository\org\springframework\boot\spring-boot\2.7.3\spring-boot-2.7.3.jar;C:\Users\admin\.m2\repository\org\springframework\spring-context\5.3.22\spring-context-5.3.22.jar;C:\Users\admin\.m2\repository\org\springframework\boot\spring-boot-autoconfigure\2.7.3\spring-boot-autoconfigure-2.7.3.jar;C:\Users\admin\.m2\repository\org\springframework\boot\spring-boot-starter-test\2.7.3\spring-boot-starter-test-2.7.3.jar;C:\Users\admin\.m2\repository\org\springframework\boot\spring-boot-test\2.7.3\spring-boot-test-2.7.3.jar;C:\Users\admin\.m2\repository\org\springframework\boot\spring-boot-test-autoconfigure\2.7.3\spring-boot-test-autoconfigure-2.7.3.jar;C:\Users\admin\.m2\repository\com\jayway\jsonpath\json-path\2.7.0\json-path-2.7.0.jar;C:\Users\admin\.m2\repository\net\minidev\json-smart\2.4.8\json-smart-2.4.8.jar;C:\Users\admin\.m2\repository\net\minidev\accessors-smart\2.4.8\accessors-smart-2.4.8.jar;C:\Users\admin\.m2\repository\jakarta\xml\bind\jakarta.xml.bind-api\2.3.3\jakarta.xml.bind-api-2.3.3.jar;C:\Users\admin\.m2\repository\jakarta\activation\jakarta.activation-api\1.2.2\jakarta.activation-api-1.2.2.jar;C:\Users\admin\.m2\repository\org\assertj\assertj-core\3.22.0\assertj-core-3.22.0.jar;C:\Users\admin\.m2\repository\org\hamcrest\hamcrest\2.2\hamcrest-2.2.jar;C:\Users\admin\.m2\repository\org\junit\jupiter\junit-jupiter\5.8.2\junit-jupiter-5.8.2.jar;C:\Users\admin\.m2\repository\org\junit\jupiter\junit-jupiter-api\5.8.2\junit-jupiter-api-5.8.2.jar;C:\Users\admin\.m2\repository\org\opentest4j\opentest4j\1.2.0\opentest4j-1.2.0.jar;C:\Users\admin\.m2\repository\org\junit\platform\junit-platform-commons\1.8.2\junit-platform-commons-1.8.2.jar;C:\Users\admin\.m2\repository\org\apiguardian\apiguardian-api\1.1.2\apiguardian-api-1.1.2.jar;C:\Users\admin\.m2\repository\org\junit\jupiter\junit-jupiter-params\5.8.2\junit-jupiter-params-5.8.2.jar;C:\Users\admin\.m2\repository\org\junit\jupiter\junit-jupiter-engine\5.8.2\junit-jupiter-engine-5.8.2.jar;C:\Users\admin\.m2\repository\org\junit\platform\junit-platform-engine\1.8.2\junit-platform-engine-1.8.2.jar;C:\Users\admin\.m2\repository\org\mockito\mockito-core\4.5.1\mockito-core-4.5.1.jar;C:\Users\admin\.m2\repository\net\bytebuddy\byte-buddy\1.12.13\byte-buddy-1.12.13.jar;C:\Users\admin\.m2\repository\net\bytebuddy\byte-buddy-agent\1.12.13\byte-buddy-agent-1.12.13.jar;C:\Users\admin\.m2\repository\org\objenesis\objenesis\3.2\objenesis-3.2.jar;C:\Users\admin\.m2\repository\org\mockito\mockito-junit-jupiter\4.5.1\mockito-junit-jupiter-4.5.1.jar;C:\Users\admin\.m2\repository\org\skyscreamer\jsonassert\1.5.1\jsonassert-1.5.1.jar;C:\Users\admin\.m2\repository\com\vaadin\external\google\android-json\0.0.20131108.vaadin1\android-json-0.0.20131108.vaadin1.jar;C:\Users\admin\.m2\repository\org\springframework\spring-core\5.3.22\spring-core-5.3.22.jar;C:\Users\admin\.m2\repository\org\springframework\spring-jcl\5.3.22\spring-jcl-5.3.22.jar;C:\Users\admin\.m2\repository\org\springframework\spring-test\5.3.22\spring-test-5.3.22.jar;C:\Users\admin\.m2\repository\org\xmlunit\xmlunit-core\2.9.0\xmlunit-core-2.9.0.jar;"/>
    <property name="java.vm.vendor" value="Oracle Corporation"/>
    <property name="sun.arch.data.model" value="64"/>
    <property name="user.variant" value=""/>
    <property name="java.vendor.url" value="http://java.oracle.com/"/>
    <property name="user.timezone" value="Asia/Calcutta"/>
    <property name="java.vm.specification.version" value="1.8"/>
    <property name="os.name" value="Windows 10"/>
    <property name="user.country" value="US"/>
    <property name="sun.java.launcher" value="SUN_STANDARD"/>
    <property name="sun.boot.library.path" value="C:\Program Files\Java\jdk1.8.0_333\jre\bin"/>
    <property name="sun.java.command" value="C:\Users\admin\AppData\Local\Temp\surefire2620719603423233340\surefirebooter1969622708211374491.jar C:\Users\admin\AppData\Local\Temp\surefire2620719603423233340 2022-09-06T11-25-42_513-jvmRun1 surefire5726330221109366108tmp surefire_01445165808868984399tmp"/>
    <property name="surefire.test.class.path" value="H:\My_Desktop\Desktop\SpringBoot\Zull-Apis-Gateway\target\test-classes;H:\My_Desktop\Desktop\SpringBoot\Zull-Apis-Gateway\target\classes;C:\Users\admin\.m2\repository\org\springframework\boot\spring-boot-starter-actuator\2.7.3\spring-boot-starter-actuator-2.7.3.jar;C:\Users\admin\.m2\repository\org\springframework\boot\spring-boot-starter\2.7.3\spring-boot-starter-2.7.3.jar;C:\Users\admin\.m2\repository\org\springframework\boot\spring-boot-starter-logging\2.7.3\spring-boot-starter-logging-2.7.3.jar;C:\Users\admin\.m2\repository\ch\qos\logback\logback-classic\1.2.11\logback-classic-1.2.11.jar;C:\Users\admin\.m2\repository\ch\qos\logback\logback-core\1.2.11\logback-core-1.2.11.jar;C:\Users\admin\.m2\repository\org\apache\logging\log4j\log4j-to-slf4j\2.17.2\log4j-to-slf4j-2.17.2.jar;C:\Users\admin\.m2\repository\org\apache\logging\log4j\log4j-api\2.17.2\log4j-api-2.17.2.jar;C:\Users\admin\.m2\repository\org\slf4j\jul-to-slf4j\1.7.36\jul-to-slf4j-1.7.36.jar;C:\Users\admin\.m2\repository\jakarta\annotation\jakarta.annotation-api\1.3.5\jakarta.annotation-api-1.3.5.jar;C:\Users\admin\.m2\repository\org\yaml\snakeyaml\1.30\snakeyaml-1.30.jar;C:\Users\admin\.m2\repository\org\springframework\boot\spring-boot-actuator-autoconfigure\2.7.3\spring-boot-actuator-autoconfigure-2.7.3.jar;C:\Users\admin\.m2\repository\org\springframework\boot\spring-boot-actuator\2.7.3\spring-boot-actuator-2.7.3.jar;C:\Users\admin\.m2\repository\com\fasterxml\jackson\core\jackson-databind\2.13.3\jackson-databind-2.13.3.jar;C:\Users\admin\.m2\repository\com\fasterxml\jackson\datatype\jackson-datatype-jsr310\2.13.3\jackson-datatype-jsr310-2.13.3.jar;C:\Users\admin\.m2\repository\io\micrometer\micrometer-core\1.9.3\micrometer-core-1.9.3.jar;C:\Users\admin\.m2\repository\org\hdrhistogram\HdrHistogram\2.1.12\HdrHistogram-2.1.12.jar;C:\Users\admin\.m2\repository\org\latencyutils\LatencyUtils\2.0.3\LatencyUtils-2.0.3.jar;C:\Users\admin\.m2\repository\org\springframework\cloud\spring-cloud-starter-netflix-eureka-client\3.1.3\spring-cloud-starter-netflix-eureka-client-3.1.3.jar;C:\Users\admin\.m2\repository\org\springframework\cloud\spring-cloud-starter\3.1.3\spring-cloud-starter-3.1.3.jar;C:\Users\admin\.m2\repository\org\springframework\cloud\spring-cloud-context\3.1.3\spring-cloud-context-3.1.3.jar;C:\Users\admin\.m2\repository\org\springframework\security\spring-security-crypto\5.7.3\spring-security-crypto-5.7.3.jar;C:\Users\admin\.m2\repository\org\springframework\cloud\spring-cloud-commons\3.1.3\spring-cloud-commons-3.1.3.jar;C:\Users\admin\.m2\repository\org\springframework\security\spring-security-rsa\1.0.10.RELEASE\spring-security-rsa-1.0.10.RELEASE.jar;C:\Users\admin\.m2\repository\org\bouncycastle\bcpkix-jdk15on\1.68\bcpkix-jdk15on-1.68.jar;C:\Users\admin\.m2\repository\org\bouncycastle\bcprov-jdk15on\1.68\bcprov-jdk15on-1.68.jar;C:\Users\admin\.m2\repository\org\springframework\cloud\spring-cloud-netflix-eureka-client\3.1.3\spring-cloud-netflix-eureka-client-3.1.3.jar;C:\Users\admin\.m2\repository\com\netflix\eureka\eureka-client\1.10.17\eureka-client-1.10.17.jar;C:\Users\admin\.m2\repository\com\netflix\netflix-commons\netflix-eventbus\0.3.0\netflix-eventbus-0.3.0.jar;C:\Users\admin\.m2\repository\com\netflix\netflix-commons\netflix-infix\0.3.0\netflix-infix-0.3.0.jar;C:\Users\admin\.m2\repository\commons-jxpath\commons-jxpath\1.3\commons-jxpath-1.3.jar;C:\Users\admin\.m2\repository\joda-time\joda-time\2.3\joda-time-2.3.jar;C:\Users\admin\.m2\repository\org\antlr\antlr-runtime\3.4\antlr-runtime-3.4.jar;C:\Users\admin\.m2\repository\org\antlr\stringtemplate\3.2.1\stringtemplate-3.2.1.jar;C:\Users\admin\.m2\repository\antlr\antlr\2.7.7\antlr-2.7.7.jar;C:\Users\admin\.m2\repository\com\google\code\gson\gson\2.9.1\gson-2.9.1.jar;C:\Users\admin\.m2\repository\org\apache\commons\commons-math\2.2\commons-math-2.2.jar;C:\Users\admin\.m2\repository\com\thoughtworks\xstream\xstream\1.4.18\xstream-1.4.18.jar;C:\Users\admin\.m2\repository\io\github\x-stream\mxparser\1.2.2\mxparser-1.2.2.jar;C:\Users\admin\.m2\repository\xmlpull\xmlpull\1.1.3.1\xmlpull-1.1.3.1.jar;C:\Users\admin\.m2\repository\javax\ws\rs\jsr311-api\1.1.1\jsr311-api-1.1.1.jar;C:\Users\admin\.m2\repository\com\netflix\servo\servo-core\0.12.21\servo-core-0.12.21.jar;C:\Users\admin\.m2\repository\com\google\guava\guava\19.0\guava-19.0.jar;C:\Users\admin\.m2\repository\org\apache\httpcomponents\httpclient\4.5.13\httpclient-4.5.13.jar;C:\Users\admin\.m2\repository\org\apache\httpcomponents\httpcore\4.4.15\httpcore-4.4.15.jar;C:\Users\admin\.m2\repository\commons-codec\commons-codec\1.15\commons-codec-1.15.jar;C:\Users\admin\.m2\repository\commons-configuration\commons-configuration\1.10\commons-configuration-1.10.jar;C:\Users\admin\.m2\repository\commons-lang\commons-lang\2.6\commons-lang-2.6.jar;C:\Users\admin\.m2\repository\com\google\inject\guice\4.1.0\guice-4.1.0.jar;C:\Users\admin\.m2\repository\javax\inject\javax.inject\1\javax.inject-1.jar;C:\Users\admin\.m2\repository\com\fasterxml\jackson\core\jackson-annotations\2.13.3\jackson-annotations-2.13.3.jar;C:\Users\admin\.m2\repository\com\fasterxml\jackson\core\jackson-core\2.13.3\jackson-core-2.13.3.jar;C:\Users\admin\.m2\repository\org\codehaus\jettison\jettison\1.4.0\jettison-1.4.0.jar;C:\Users\admin\.m2\repository\com\netflix\eureka\eureka-core\1.10.17\eureka-core-1.10.17.jar;C:\Users\admin\.m2\repository\com\fasterxml\woodstox\woodstox-core\6.2.1\woodstox-core-6.2.1.jar;C:\Users\admin\.m2\repository\org\codehaus\woodstox\stax2-api\4.2.1\stax2-api-4.2.1.jar;C:\Users\admin\.m2\repository\org\springframework\cloud\spring-cloud-starter-loadbalancer\3.1.3\spring-cloud-starter-loadbalancer-3.1.3.jar;C:\Users\admin\.m2\repository\org\springframework\cloud\spring-cloud-loadbalancer\3.1.3\spring-cloud-loadbalancer-3.1.3.jar;C:\Users\admin\.m2\repository\io\projectreactor\reactor-core\3.4.22\reactor-core-3.4.22.jar;C:\Users\admin\.m2\repository\io\projectreactor\addons\reactor-extra\3.4.8\reactor-extra-3.4.8.jar;C:\Users\admin\.m2\repository\org\springframework\boot\spring-boot-starter-cache\2.7.3\spring-boot-starter-cache-2.7.3.jar;C:\Users\admin\.m2\repository\org\springframework\spring-context-support\5.3.22\spring-context-support-5.3.22.jar;C:\Users\admin\.m2\repository\com\stoyanr\evictor\1.0.0\evictor-1.0.0.jar;C:\Users\admin\.m2\repository\org\springframework\cloud\spring-cloud-starter-netflix-zuul\2.2.10.RELEASE\spring-cloud-starter-netflix-zuul-2.2.10.RELEASE.jar;C:\Users\admin\.m2\repository\org\springframework\cloud\spring-cloud-netflix-zuul\2.2.10.RELEASE\spring-cloud-netflix-zuul-2.2.10.RELEASE.jar;C:\Users\admin\.m2\repository\org\springframework\cloud\spring-cloud-netflix-hystrix\2.2.10.RELEASE\spring-cloud-netflix-hystrix-2.2.10.RELEASE.jar;C:\Users\admin\.m2\repository\org\springframework\boot\spring-boot-starter-aop\2.7.3\spring-boot-starter-aop-2.7.3.jar;C:\Users\admin\.m2\repository\com\netflix\netflix-commons\netflix-commons-util\0.3.0\netflix-commons-util-0.3.0.jar;C:\Users\admin\.m2\repository\org\springframework\boot\spring-boot-starter-web\2.7.3\spring-boot-starter-web-2.7.3.jar;C:\Users\admin\.m2\repository\org\springframework\boot\spring-boot-starter-json\2.7.3\spring-boot-starter-json-2.7.3.jar;C:\Users\admin\.m2\repository\com\fasterxml\jackson\datatype\jackson-datatype-jdk8\2.13.3\jackson-datatype-jdk8-2.13.3.jar;C:\Users\admin\.m2\repository\com\fasterxml\jackson\module\jackson-module-parameter-names\2.13.3\jackson-module-parameter-names-2.13.3.jar;C:\Users\admin\.m2\repository\org\springframework\boot\spring-boot-starter-tomcat\2.7.3\spring-boot-starter-tomcat-2.7.3.jar;C:\Users\admin\.m2\repository\org\apache\tomcat\embed\tomcat-embed-core\9.0.65\tomcat-embed-core-9.0.65.jar;C:\Users\admin\.m2\repository\org\apache\tomcat\embed\tomcat-embed-el\9.0.65\tomcat-embed-el-9.0.65.jar;C:\Users\admin\.m2\repository\org\apache\tomcat\embed\tomcat-embed-websocket\9.0.65\tomcat-embed-websocket-9.0.65.jar;C:\Users\admin\.m2\repository\org\springframework\spring-web\5.3.22\spring-web-5.3.22.jar;C:\Users\admin\.m2\repository\org\springframework\spring-beans\5.3.22\spring-beans-5.3.22.jar;C:\Users\admin\.m2\repository\org\springframework\spring-webmvc\5.3.22\spring-webmvc-5.3.22.jar;C:\Users\admin\.m2\repository\org\springframework\spring-aop\5.3.22\spring-aop-5.3.22.jar;C:\Users\admin\.m2\repository\org\springframework\spring-expression\5.3.22\spring-expression-5.3.22.jar;C:\Users\admin\.m2\repository\org\springframework\cloud\spring-cloud-starter-netflix-hystrix\2.2.10.RELEASE\spring-cloud-starter-netflix-hystrix-2.2.10.RELEASE.jar;C:\Users\admin\.m2\repository\org\springframework\cloud\spring-cloud-netflix-ribbon\2.2.10.RELEASE\spring-cloud-netflix-ribbon-2.2.10.RELEASE.jar;C:\Users\admin\.m2\repository\com\netflix\hystrix\hystrix-core\1.5.18\hystrix-core-1.5.18.jar;C:\Users\admin\.m2\repository\com\netflix\hystrix\hystrix-serialization\1.5.18\hystrix-serialization-1.5.18.jar;C:\Users\admin\.m2\repository\com\fasterxml\jackson\module\jackson-module-afterburner\2.13.3\jackson-module-afterburner-2.13.3.jar;C:\Users\admin\.m2\repository\com\netflix\hystrix\hystrix-metrics-event-stream\1.5.18\hystrix-metrics-event-stream-1.5.18.jar;C:\Users\admin\.m2\repository\com\netflix\hystrix\hystrix-javanica\1.5.18\hystrix-javanica-1.5.18.jar;C:\Users\admin\.m2\repository\org\apache\commons\commons-lang3\3.12.0\commons-lang3-3.12.0.jar;C:\Users\admin\.m2\repository\org\ow2\asm\asm\5.0.4\asm-5.0.4.jar;C:\Users\admin\.m2\repository\org\aspectj\aspectjweaver\1.9.7\aspectjweaver-1.9.7.jar;C:\Users\admin\.m2\repository\io\reactivex\rxjava-reactive-streams\1.2.1\rxjava-reactive-streams-1.2.1.jar;C:\Users\admin\.m2\repository\org\reactivestreams\reactive-streams\1.0.4\reactive-streams-1.0.4.jar;C:\Users\admin\.m2\repository\org\springframework\cloud\spring-cloud-starter-netflix-ribbon\2.2.10.RELEASE\spring-cloud-starter-netflix-ribbon-2.2.10.RELEASE.jar;C:\Users\admin\.m2\repository\com\netflix\ribbon\ribbon\2.3.0\ribbon-2.3.0.jar;C:\Users\admin\.m2\repository\com\netflix\ribbon\ribbon-transport\2.3.0\ribbon-transport-2.3.0.jar;C:\Users\admin\.m2\repository\io\reactivex\rxnetty-contexts\0.4.9\rxnetty-contexts-0.4.9.jar;C:\Users\admin\.m2\repository\io\reactivex\rxnetty-servo\0.4.9\rxnetty-servo-0.4.9.jar;C:\Users\admin\.m2\repository\io\reactivex\rxnetty\0.4.9\rxnetty-0.4.9.jar;C:\Users\admin\.m2\repository\com\netflix\ribbon\ribbon-core\2.3.0\ribbon-core-2.3.0.jar;C:\Users\admin\.m2\repository\com\netflix\ribbon\ribbon-httpclient\2.3.0\ribbon-httpclient-2.3.0.jar;C:\Users\admin\.m2\repository\commons-collections\commons-collections\3.2.2\commons-collections-3.2.2.jar;C:\Users\admin\.m2\repository\com\sun\jersey\jersey-client\1.19.1\jersey-client-1.19.1.jar;C:\Users\admin\.m2\repository\com\sun\jersey\jersey-core\1.19.1\jersey-core-1.19.1.jar;C:\Users\admin\.m2\repository\com\sun\jersey\contribs\jersey-apache-client4\1.19.1\jersey-apache-client4-1.19.1.jar;C:\Users\admin\.m2\repository\com\netflix\ribbon\ribbon-loadbalancer\2.3.0\ribbon-loadbalancer-2.3.0.jar;C:\Users\admin\.m2\repository\com\netflix\netflix-commons\netflix-statistics\0.1.1\netflix-statistics-0.1.1.jar;C:\Users\admin\.m2\repository\io\reactivex\rxjava\1.3.8\rxjava-1.3.8.jar;C:\Users\admin\.m2\repository\org\springframework\cloud\spring-cloud-starter-netflix-archaius\2.2.10.RELEASE\spring-cloud-starter-netflix-archaius-2.2.10.RELEASE.jar;C:\Users\admin\.m2\repository\org\springframework\cloud\spring-cloud-netflix-archaius\2.2.10.RELEASE\spring-cloud-netflix-archaius-2.2.10.RELEASE.jar;C:\Users\admin\.m2\repository\com\netflix\archaius\archaius-core\0.7.7\archaius-core-0.7.7.jar;C:\Users\admin\.m2\repository\com\google\code\findbugs\jsr305\3.0.1\jsr305-3.0.1.jar;C:\Users\admin\.m2\repository\com\netflix\zuul\zuul-core\1.3.1\zuul-core-1.3.1.jar;C:\Users\admin\.m2\repository\commons-io\commons-io\2.4\commons-io-2.4.jar;C:\Users\admin\.m2\repository\org\slf4j\slf4j-api\1.7.36\slf4j-api-1.7.36.jar;C:\Users\admin\.m2\repository\org\springframework\boot\spring-boot-devtools\2.7.3\spring-boot-devtools-2.7.3.jar;C:\Users\admin\.m2\repository\org\springframework\boot\spring-boot\2.7.3\spring-boot-2.7.3.jar;C:\Users\admin\.m2\repository\org\springframework\spring-context\5.3.22\spring-context-5.3.22.jar;C:\Users\admin\.m2\repository\org\springframework\boot\spring-boot-autoconfigure\2.7.3\spring-boot-autoconfigure-2.7.3.jar;C:\Users\admin\.m2\repository\org\springframework\boot\spring-boot-starter-test\2.7.3\spring-boot-starter-test-2.7.3.jar;C:\Users\admin\.m2\repository\org\springframework\boot\spring-boot-test\2.7.3\spring-boot-test-2.7.3.jar;C:\Users\admin\.m2\repository\org\springframework\boot\spring-boot-test-autoconfigure\2.7.3\spring-boot-test-autoconfigure-2.7.3.jar;C:\Users\admin\.m2\repository\com\jayway\jsonpath\json-path\2.7.0\json-path-2.7.0.jar;C:\Users\admin\.m2\repository\net\minidev\json-smart\2.4.8\json-smart-2.4.8.jar;C:\Users\admin\.m2\repository\net\minidev\accessors-smart\2.4.8\accessors-smart-2.4.8.jar;C:\Users\admin\.m2\repository\jakarta\xml\bind\jakarta.xml.bind-api\2.3.3\jakarta.xml.bind-api-2.3.3.jar;C:\Users\admin\.m2\repository\jakarta\activation\jakarta.activation-api\1.2.2\jakarta.activation-api-1.2.2.jar;C:\Users\admin\.m2\repository\org\assertj\assertj-core\3.22.0\assertj-core-3.22.0.jar;C:\Users\admin\.m2\repository\org\hamcrest\hamcrest\2.2\hamcrest-2.2.jar;C:\Users\admin\.m2\repository\org\junit\jupiter\junit-jupiter\5.8.2\junit-jupiter-5.8.2.jar;C:\Users\admin\.m2\repository\org\junit\jupiter\junit-jupiter-api\5.8.2\junit-jupiter-api-5.8.2.jar;C:\Users\admin\.m2\repository\org\opentest4j\opentest4j\1.2.0\opentest4j-1.2.0.jar;C:\Users\admin\.m2\repository\org\junit\platform\junit-platform-commons\1.8.2\junit-platform-commons-1.8.2.jar;C:\Users\admin\.m2\repository\org\apiguardian\apiguardian-api\1.1.2\apiguardian-api-1.1.2.jar;C:\Users\admin\.m2\repository\org\junit\jupiter\junit-jupiter-params\5.8.2\junit-jupiter-params-5.8.2.jar;C:\Users\admin\.m2\repository\org\junit\jupiter\junit-jupiter-engine\5.8.2\junit-jupiter-engine-5.8.2.jar;C:\Users\admin\.m2\repository\org\junit\platform\junit-platform-engine\1.8.2\junit-platform-engine-1.8.2.jar;C:\Users\admin\.m2\repository\org\mockito\mockito-core\4.5.1\mockito-core-4.5.1.jar;C:\Users\admin\.m2\repository\net\bytebuddy\byte-buddy\1.12.13\byte-buddy-1.12.13.jar;C:\Users\admin\.m2\repository\net\bytebuddy\byte-buddy-agent\1.12.13\byte-buddy-agent-1.12.13.jar;C:\Users\admin\.m2\repository\org\objenesis\objenesis\3.2\objenesis-3.2.jar;C:\Users\admin\.m2\repository\org\mockito\mockito-junit-jupiter\4.5.1\mockito-junit-jupiter-4.5.1.jar;C:\Users\admin\.m2\repository\org\skyscreamer\jsonassert\1.5.1\jsonassert-1.5.1.jar;C:\Users\admin\.m2\repository\com\vaadin\external\google\android-json\0.0.20131108.vaadin1\android-json-0.0.20131108.vaadin1.jar;C:\Users\admin\.m2\repository\org\springframework\spring-core\5.3.22\spring-core-5.3.22.jar;C:\Users\admin\.m2\repository\org\springframework\spring-jcl\5.3.22\spring-jcl-5.3.22.jar;C:\Users\admin\.m2\repository\org\springframework\spring-test\5.3.22\spring-test-5.3.22.jar;C:\Users\admin\.m2\repository\org\xmlunit\xmlunit-core\2.9.0\xmlunit-core-2.9.0.jar;"/>
    <property name="sun.cpu.endian" value="little"/>
    <property name="user.home" value="C:\Users\admin"/>
    <property name="user.language" value="en"/>
    <property name="java.specification.vendor" value="Oracle Corporation"/>
    <property name="java.home" value="C:\Program Files\Java\jdk1.8.0_333\jre"/>
    <property name="basedir" value="H:\My_Desktop\Desktop\SpringBoot\Zull-Apis-Gateway"/>
    <property name="file.separator" value="\"/>
    <property name="line.separator" value="&#10;"/>
    <property name="java.vm.specification.vendor" value="Oracle Corporation"/>
    <property name="java.specification.name" value="Java Platform API Specification"/>
    <property name="java.awt.graphicsenv" value="sun.awt.Win32GraphicsEnvironment"/>
    <property name="surefire.real.class.path" value="C:\Users\admin\AppData\Local\Temp\surefire2620719603423233340\surefirebooter1969622708211374491.jar"/>
    <property name="sun.boot.class.path" value="C:\Program Files\Java\jdk1.8.0_333\jre\lib\resources.jar;C:\Program Files\Java\jdk1.8.0_333\jre\lib\rt.jar;C:\Program Files\Java\jdk1.8.0_333\jre\lib\sunrsasign.jar;C:\Program Files\Java\jdk1.8.0_333\jre\lib\jsse.jar;C:\Program Files\Java\jdk1.8.0_333\jre\lib\jce.jar;C:\Program Files\Java\jdk1.8.0_333\jre\lib\charsets.jar;C:\Program Files\Java\jdk1.8.0_333\jre\lib\jfr.jar;C:\Program Files\Java\jdk1.8.0_333\jre\classes"/>
    <property name="user.script" value=""/>
    <property name="sun.management.compiler" value="HotSpot 64-Bit Tiered Compilers"/>
    <property name="java.runtime.version" value="1.8.0_333-b02"/>
    <property name="user.name" value="admin"/>
    <property name="path.separator" value=";"/>
    <property name="os.version" value="10.0"/>
    <property name="java.endorsed.dirs" value="C:\Program Files\Java\jdk1.8.0_333\jre\lib\endorsed"/>
    <property name="java.runtime.name" value="Java(TM) SE Runtime Environment"/>
    <property name="file.encoding" value="Cp1252"/>
    <property name="java.vm.name" value="Java HotSpot(TM) 64-Bit Server VM"/>
    <property name="localRepository" value="C:\Users\admin\.m2\repository"/>
    <property name="java.vendor.url.bug" value="http://bugreport.sun.com/bugreport/"/>
    <property name="java.io.tmpdir" value="C:\Users\admin\AppData\Local\Temp\"/>
    <property name="idea.version" value="2022.2"/>
    <property name="java.version" value="1.8.0_333"/>
    <property name="user.dir" value="H:\My_Desktop\Desktop\SpringBoot\Zull-Apis-Gateway"/>
    <property name="os.arch" value="amd64"/>
    <property name="java.vm.specification.name" value="Java Virtual Machine Specification"/>
    <property name="java.awt.printerjob" value="sun.awt.windows.WPrinterJob"/>
    <property name="sun.os.patch.level" value=""/>
    <property name="java.library.path" value="C:\Program Files\Java\jdk1.8.0_333\jre\bin;C:\WINDOWS\Sun\Java\bin;C:\WINDOWS\system32;C:\WINDOWS;C:\Program Files (x86)\Common Files\Oracle\Java\javapath;C:\Python310\Scripts\;C:\Python310\;C:\WINDOWS\system32;C:\WINDOWS;C:\WINDOWS\System32\Wbem;C:\WINDOWS\System32\WindowsPowerShell\v1.0\;C:\WINDOWS\System32\OpenSSH\;C:\Program Files\nodejs\;C:\ProgramData\chocolatey\bin;C:\Program Files\dotnet\;C:\Program Files\Git\cmd;C:\Program Files\MongoDB\Server\5.0\bin;C:\Program Files\Microsoft SQL Server\Client SDK\ODBC\170\Tools\Binn\;C:\Program Files (x86)\Microsoft SQL Server\150\Tools\Binn\;C:\Program Files\Microsoft SQL Server\150\Tools\Binn\;C:\Program Files\Microsoft SQL Server\150\DTS\Binn\;C:\Program Files (x86)\Microsoft SQL Server\150\DTS\Binn\;C:\Program Files\Azure Data Studio\bin;C:\Program Files\Java\jdk1.8.0_333\bin;C:\Program Files\Java\jdk1.8.0_333\bin;C:\Program Files\MySQL\MySQL Server 8.0\bin;C:\Program Files\MySQL\MySQL Shell 8.0\bin\;C:\Users\admin\AppData\Local\Microsoft\WindowsApps;C:\Users\admin\AppData\Roaming\npm;C:\Users\admin\.dotnet\tools;C:\Program Files\Azure Data Studio\bin;C:\Program Files\MongoDB\Server\5.0\bin;;C:\Program Files\Azure Data Studio\bin;C:\Users\admin\AppData\Local\Programs\Microsoft VS Code\bin;C:\Program Files\JetBrains\IntelliJ IDEA Community Edition 2022.1.1\bin;;."/>
    <property name="java.vm.info" value="mixed mode"/>
    <property name="java.vendor" value="Oracle Corporation"/>
    <property name="java.vm.version" value="25.333-b02"/>
    <property name="java.ext.dirs" value="C:\Program Files\Java\jdk1.8.0_333\jre\lib\ext;C:\WINDOWS\Sun\Java\lib\ext"/>
    <property name="sun.io.unicode.encoding" value="UnicodeLittle"/>
    <property name="java.class.version" value="52.0"/>
  </properties>
  <testcase name="contextLoads" classname="com.bridgelabz.zullapisgateway.ZullApisGatewayApplicationTests" time="3.901"/>
</testsuite>